mode: set
github.com/Rubber-Duck-999/exeEnvironmentManager/debug.go:21.77,25.21 3 0
github.com/Rubber-Duck-999/exeEnvironmentManager/debug.go:28.2,29.21 2 0
github.com/Rubber-Duck-999/exeEnvironmentManager/debug.go:32.2,37.16 4 0
github.com/Rubber-Duck-999/exeEnvironmentManager/debug.go:48.2,48.17 1 0
github.com/Rubber-Duck-999/exeEnvironmentManager/debug.go:25.21,27.3 1 0
github.com/Rubber-Duck-999/exeEnvironmentManager/debug.go:29.21,31.3 1 0
github.com/Rubber-Duck-999/exeEnvironmentManager/debug.go:37.16,39.3 1 0
github.com/Rubber-Duck-999/exeEnvironmentManager/debug.go:39.8,43.18 4 0
github.com/Rubber-Duck-999/exeEnvironmentManager/debug.go:43.18,45.4 1 0
github.com/Rubber-Duck-999/exeEnvironmentManager/debug.go:56.50,58.11 2 0
github.com/Rubber-Duck-999/exeEnvironmentManager/debug.go:61.2,61.19 1 0
github.com/Rubber-Duck-999/exeEnvironmentManager/debug.go:64.2,64.15 1 0
github.com/Rubber-Duck-999/exeEnvironmentManager/debug.go:58.11,60.3 1 0
github.com/Rubber-Duck-999/exeEnvironmentManager/debug.go:61.19,63.3 1 0
github.com/Rubber-Duck-999/exeEnvironmentManager/debug.go:72.51,74.11 2 0
github.com/Rubber-Duck-999/exeEnvironmentManager/debug.go:77.2,77.15 1 0
github.com/Rubber-Duck-999/exeEnvironmentManager/debug.go:74.11,76.3 1 0
github.com/Rubber-Duck-999/exeEnvironmentManager/drive.go:53.13,55.2 1 1
github.com/Rubber-Duck-999/exeEnvironmentManager/drive.go:57.29,67.12 3 0
github.com/Rubber-Duck-999/exeEnvironmentManager/drive.go:72.2,75.16 3 0
github.com/Rubber-Duck-999/exeEnvironmentManager/drive.go:79.2,80.16 2 0
github.com/Rubber-Duck-999/exeEnvironmentManager/drive.go:84.2,85.60 2 0
github.com/Rubber-Duck-999/exeEnvironmentManager/drive.go:67.12,71.3 1 0
github.com/Rubber-Duck-999/exeEnvironmentManager/drive.go:75.16,77.3 1 0
github.com/Rubber-Duck-999/exeEnvironmentManager/drive.go:80.16,82.3 1 0
github.com/Rubber-Duck-999/exeEnvironmentManager/drive.go:92.39,94.2 1 1
github.com/Rubber-Duck-999/exeEnvironmentManager/drive.go:96.30,97.22 1 0
github.com/Rubber-Duck-999/exeEnvironmentManager/drive.go:103.2,104.12 2 0
github.com/Rubber-Duck-999/exeEnvironmentManager/drive.go:98.16,99.63 1 0
github.com/Rubber-Duck-999/exeEnvironmentManager/drive.go:100.26,101.52 1 0
github.com/Rubber-Duck-999/exeEnvironmentManager/drive.go:107.51,114.2 6 0
github.com/Rubber-Duck-999/exeEnvironmentManager/drive.go:116.56,117.18 1 0
github.com/Rubber-Duck-999/exeEnvironmentManager/drive.go:120.2,121.16 2 0
github.com/Rubber-Duck-999/exeEnvironmentManager/drive.go:124.2,126.15 3 0
github.com/Rubber-Duck-999/exeEnvironmentManager/drive.go:117.18,119.3 1 0
github.com/Rubber-Duck-999/exeEnvironmentManager/drive.go:121.16,123.3 1 0
github.com/Rubber-Duck-999/exeEnvironmentManager/drive.go:129.50,131.16 2 0
github.com/Rubber-Duck-999/exeEnvironmentManager/drive.go:135.2,136.33 2 0
github.com/Rubber-Duck-999/exeEnvironmentManager/drive.go:131.16,134.3 2 0
github.com/Rubber-Duck-999/exeEnvironmentManager/drive.go:139.78,142.16 3 0
github.com/Rubber-Duck-999/exeEnvironmentManager/drive.go:149.2,149.34 1 0
github.com/Rubber-Duck-999/exeEnvironmentManager/drive.go:142.16,145.3 2 0
github.com/Rubber-Duck-999/exeEnvironmentManager/drive.go:145.8,147.3 1 0
github.com/Rubber-Duck-999/exeEnvironmentManager/drive.go:152.77,155.92 3 0
github.com/Rubber-Duck-999/exeEnvironmentManager/drive.go:174.2,184.16 9 0
github.com/Rubber-Duck-999/exeEnvironmentManager/drive.go:187.2,187.14 1 0
github.com/Rubber-Duck-999/exeEnvironmentManager/drive.go:155.92,156.37 1 0
github.com/Rubber-Duck-999/exeEnvironmentManager/drive.go:160.3,160.42 1 0
github.com/Rubber-Duck-999/exeEnvironmentManager/drive.go:165.3,165.48 1 0
github.com/Rubber-Duck-999/exeEnvironmentManager/drive.go:171.3,172.26 2 0
github.com/Rubber-Duck-999/exeEnvironmentManager/drive.go:156.37,159.4 2 0
github.com/Rubber-Duck-999/exeEnvironmentManager/drive.go:160.42,164.4 3 0
github.com/Rubber-Duck-999/exeEnvironmentManager/drive.go:165.48,170.4 4 0
github.com/Rubber-Duck-999/exeEnvironmentManager/drive.go:184.16,186.3 1 0
github.com/Rubber-Duck-999/exeEnvironmentManager/drive.go:190.26,192.26 2 0
github.com/Rubber-Duck-999/exeEnvironmentManager/drive.go:198.2,198.45 1 0
github.com/Rubber-Duck-999/exeEnvironmentManager/drive.go:192.26,194.17 2 0
github.com/Rubber-Duck-999/exeEnvironmentManager/drive.go:194.17,196.4 1 0
github.com/Rubber-Duck-999/exeEnvironmentManager/drive.go:201.64,202.17 1 0
github.com/Rubber-Duck-999/exeEnvironmentManager/drive.go:205.2,206.16 2 0
github.com/Rubber-Duck-999/exeEnvironmentManager/drive.go:209.2,209.41 1 0
github.com/Rubber-Duck-999/exeEnvironmentManager/drive.go:202.17,204.3 1 0
github.com/Rubber-Duck-999/exeEnvironmentManager/drive.go:206.16,208.3 1 0
github.com/Rubber-Duck-999/exeEnvironmentManager/exeEnvironmentManager.go:10.13,18.16 6 0
github.com/Rubber-Duck-999/exeEnvironmentManager/exeEnvironmentManager.go:26.2,28.18 3 0
github.com/Rubber-Duck-999/exeEnvironmentManager/exeEnvironmentManager.go:34.2,36.13 3 0
github.com/Rubber-Duck-999/exeEnvironmentManager/exeEnvironmentManager.go:18.16,24.3 3 0
github.com/Rubber-Duck-999/exeEnvironmentManager/exeEnvironmentManager.go:28.18,30.3 1 0
github.com/Rubber-Duck-999/exeEnvironmentManager/exeEnvironmentManager.go:30.8,33.3 2 0
github.com/Rubber-Duck-999/exeEnvironmentManager/logicoptions.go:11.16,16.16 3 1
github.com/Rubber-Duck-999/exeEnvironmentManager/logicoptions.go:19.2,22.16 3 1
github.com/Rubber-Duck-999/exeEnvironmentManager/logicoptions.go:26.2,26.29 1 1
github.com/Rubber-Duck-999/exeEnvironmentManager/logicoptions.go:16.16,18.3 1 0
github.com/Rubber-Duck-999/exeEnvironmentManager/logicoptions.go:22.16,24.3 1 0
github.com/Rubber-Duck-999/exeEnvironmentManager/logicoptions.go:26.29,27.30 1 1
github.com/Rubber-Duck-999/exeEnvironmentManager/logicoptions.go:27.30,28.43 1 1
github.com/Rubber-Duck-999/exeEnvironmentManager/logicoptions.go:28.43,31.5 2 1
github.com/Rubber-Duck-999/exeEnvironmentManager/logicoptions.go:36.19,37.48 1 1
github.com/Rubber-Duck-999/exeEnvironmentManager/logicoptions.go:37.48,38.54 1 1
github.com/Rubber-Duck-999/exeEnvironmentManager/logicoptions.go:38.54,41.11 3 1
github.com/Rubber-Duck-999/exeEnvironmentManager/logicoptions.go:42.73,46.23 4 1
github.com/Rubber-Duck-999/exeEnvironmentManager/logicoptions.go:62.5,63.14 2 1
github.com/Rubber-Duck-999/exeEnvironmentManager/logicoptions.go:65.12,68.52 2 1
github.com/Rubber-Duck-999/exeEnvironmentManager/logicoptions.go:46.23,50.31 4 1
github.com/Rubber-Duck-999/exeEnvironmentManager/logicoptions.go:53.6,53.21 1 1
github.com/Rubber-Duck-999/exeEnvironmentManager/logicoptions.go:50.31,52.7 1 0
github.com/Rubber-Duck-999/exeEnvironmentManager/logicoptions.go:53.21,55.7 1 0
github.com/Rubber-Duck-999/exeEnvironmentManager/logicoptions.go:55.12,58.7 2 1
github.com/Rubber-Duck-999/exeEnvironmentManager/logicoptions.go:59.11,61.6 1 1
github.com/Rubber-Duck-999/exeEnvironmentManager/rabbitmq.go:23.13,27.2 3 1
github.com/Rubber-Duck-999/exeEnvironmentManager/rabbitmq.go:29.31,31.2 1 1
github.com/Rubber-Duck-999/exeEnvironmentManager/rabbitmq.go:33.41,34.16 1 1
github.com/Rubber-Duck-999/exeEnvironmentManager/rabbitmq.go:34.16,38.3 1 1
github.com/Rubber-Duck-999/exeEnvironmentManager/rabbitmq.go:41.23,45.2 3 1
github.com/Rubber-Duck-999/exeEnvironmentManager/rabbitmq.go:47.49,49.34 2 1
github.com/Rubber-Duck-999/exeEnvironmentManager/rabbitmq.go:49.34,53.3 3 1
github.com/Rubber-Duck-999/exeEnvironmentManager/rabbitmq.go:53.8,54.18 1 1
github.com/Rubber-Duck-999/exeEnvironmentManager/rabbitmq.go:54.18,56.13 2 1
github.com/Rubber-Duck-999/exeEnvironmentManager/rabbitmq.go:56.13,60.5 3 0
github.com/Rubber-Duck-999/exeEnvironmentManager/rabbitmq.go:60.10,65.5 4 1
github.com/Rubber-Duck-999/exeEnvironmentManager/rabbitmq.go:70.28,79.2 7 1
github.com/Rubber-Duck-999/exeEnvironmentManager/rabbitmq.go:81.18,83.17 2 0
github.com/Rubber-Duck-999/exeEnvironmentManager/rabbitmq.go:83.17,112.28 7 0
github.com/Rubber-Duck-999/exeEnvironmentManager/rabbitmq.go:124.3,137.13 4 0
github.com/Rubber-Duck-999/exeEnvironmentManager/rabbitmq.go:151.3,152.12 2 0
github.com/Rubber-Duck-999/exeEnvironmentManager/rabbitmq.go:112.28,122.4 3 0
github.com/Rubber-Duck-999/exeEnvironmentManager/rabbitmq.go:137.13,138.24 1 0
github.com/Rubber-Duck-999/exeEnvironmentManager/rabbitmq.go:138.24,146.5 7 0
github.com/Rubber-Duck-999/exeEnvironmentManager/rabbitmq.go:156.16,159.2 2 1
github.com/Rubber-Duck-999/exeEnvironmentManager/rabbitmq.go:161.26,163.19 2 1
github.com/Rubber-Duck-999/exeEnvironmentManager/rabbitmq.go:179.2,179.14 1 1
github.com/Rubber-Duck-999/exeEnvironmentManager/rabbitmq.go:163.19,164.22 1 1
github.com/Rubber-Duck-999/exeEnvironmentManager/rabbitmq.go:164.22,165.19 1 1
github.com/Rubber-Duck-999/exeEnvironmentManager/rabbitmq.go:165.19,166.38 1 1
github.com/Rubber-Duck-999/exeEnvironmentManager/rabbitmq.go:166.38,169.6 2 1
github.com/Rubber-Duck-999/exeEnvironmentManager/rabbitmq.go:169.11,172.6 2 1
github.com/Rubber-Duck-999/exeEnvironmentManager/rabbitmq.go:173.10,176.5 2 0
github.com/Rubber-Duck-999/exeEnvironmentManager/rabbitmq.go:183.66,190.16 5 1
github.com/Rubber-Duck-999/exeEnvironmentManager/rabbitmq.go:205.2,205.16 1 1
github.com/Rubber-Duck-999/exeEnvironmentManager/rabbitmq.go:190.16,200.17 2 1
github.com/Rubber-Duck-999/exeEnvironmentManager/rabbitmq.go:200.17,203.4 2 0
github.com/Rubber-Duck-999/exeEnvironmentManager/rabbitmq.go:208.74,215.16 4 1
github.com/Rubber-Duck-999/exeEnvironmentManager/rabbitmq.go:230.2,230.16 1 1
github.com/Rubber-Duck-999/exeEnvironmentManager/rabbitmq.go:215.16,225.17 2 1
github.com/Rubber-Duck-999/exeEnvironmentManager/rabbitmq.go:225.17,228.4 2 0
github.com/Rubber-Duck-999/exeEnvironmentManager/rabbitmq.go:233.58,240.16 3 1
github.com/Rubber-Duck-999/exeEnvironmentManager/rabbitmq.go:260.2,261.16 2 1
github.com/Rubber-Duck-999/exeEnvironmentManager/rabbitmq.go:240.16,242.3 1 0
github.com/Rubber-Duck-999/exeEnvironmentManager/rabbitmq.go:242.8,243.22 1 1
github.com/Rubber-Duck-999/exeEnvironmentManager/rabbitmq.go:243.22,254.18 3 1
github.com/Rubber-Duck-999/exeEnvironmentManager/rabbitmq.go:254.18,257.5 2 0
github.com/Rubber-Duck-999/exeEnvironmentManager/access.go:12.31,16.16 4 1
github.com/Rubber-Duck-999/exeEnvironmentManager/access.go:27.2,27.15 1 1
github.com/Rubber-Duck-999/exeEnvironmentManager/access.go:16.16,17.25 1 1
github.com/Rubber-Duck-999/exeEnvironmentManager/access.go:17.25,19.4 1 0
github.com/Rubber-Duck-999/exeEnvironmentManager/access.go:19.9,22.20 3 1
github.com/Rubber-Duck-999/exeEnvironmentManager/access.go:22.20,24.5 1 1
github.com/Rubber-Duck-999/exeEnvironmentManager/access.go:30.37,33.28 2 1
github.com/Rubber-Duck-999/exeEnvironmentManager/access.go:40.2,40.16 1 1
github.com/Rubber-Duck-999/exeEnvironmentManager/access.go:34.20,35.13 1 0
github.com/Rubber-Duck-999/exeEnvironmentManager/access.go:36.24,37.13 1 1
github.com/Rubber-Duck-999/exeEnvironmentManager/access.go:43.50,46.16 3 1
github.com/Rubber-Duck-999/exeEnvironmentManager/access.go:57.2,57.20 1 1
github.com/Rubber-Duck-999/exeEnvironmentManager/access.go:46.16,48.3 1 1
github.com/Rubber-Duck-999/exeEnvironmentManager/access.go:48.8,51.17 3 1
github.com/Rubber-Duck-999/exeEnvironmentManager/access.go:51.17,53.4 1 0
github.com/Rubber-Duck-999/exeEnvironmentManager/access.go:53.9,55.4 1 1
github.com/Rubber-Duck-999/exeEnvironmentManager/api.go:16.13,19.2 2 1
github.com/Rubber-Duck-999/exeEnvironmentManager/api.go:21.30,23.2 1 1
github.com/Rubber-Duck-999/exeEnvironmentManager/api.go:25.19,29.36 4 1
github.com/Rubber-Duck-999/exeEnvironmentManager/api.go:29.36,33.18 4 1
github.com/Rubber-Duck-999/exeEnvironmentManager/api.go:42.3,42.14 1 1
github.com/Rubber-Duck-999/exeEnvironmentManager/api.go:33.18,34.20 1 1
github.com/Rubber-Duck-999/exeEnvironmentManager/api.go:34.20,37.5 2 0
github.com/Rubber-Duck-999/exeEnvironmentManager/api.go:37.10,40.5 2 1
github.com/Rubber-Duck-999/exeEnvironmentManager/api.go:43.8,45.3 1 0
github.com/Rubber-Duck-999/exeEnvironmentManager/api.go:48.57,51.21 3 1
github.com/Rubber-Duck-999/exeEnvironmentManager/api.go:66.2,66.18 1 1
github.com/Rubber-Duck-999/exeEnvironmentManager/api.go:51.21,54.17 2 1
github.com/Rubber-Duck-999/exeEnvironmentManager/api.go:54.17,57.4 2 0
github.com/Rubber-Duck-999/exeEnvironmentManager/api.go:57.9,64.4 6 1
